2020-05-12 09:01:43,594 INFO notifyConnectTimeout:200

2020-05-12 09:01:43,594 INFO notifySocketTimeout:8000

2020-05-12 09:01:43,594 INFO isHealthCheck:true

2020-05-12 09:01:43,594 INFO maxHealthCheckFailCount:12

2020-05-12 09:01:43,594 INFO maxContent:10485760

2020-05-12 09:01:46,109 INFO Schema 'NACOS' already exists.

2020-05-12 09:01:46,265 INFO Table/View 'CONFIG_INFO' already exists in Schema 'NACOS'.

2020-05-12 09:01:46,515 INFO Table/View 'HIS_CONFIG_INFO' already exists in Schema 'NACOS'.

2020-05-12 09:01:46,625 INFO Table/View 'CONFIG_INFO_BETA' already exists in Schema 'NACOS'.

2020-05-12 09:01:46,671 INFO Table/View 'CONFIG_INFO_TAG' already exists in Schema 'NACOS'.

2020-05-12 09:01:46,750 INFO Table/View 'CONFIG_INFO_AGGR' already exists in Schema 'NACOS'.

2020-05-12 09:01:46,968 INFO Table/View 'APP_LIST' already exists in Schema 'NACOS'.

2020-05-12 09:01:47,203 INFO Table/View 'APP_CONFIGDATA_RELATION_SUBS' already exists in Schema 'NACOS'.

2020-05-12 09:01:47,281 INFO Table/View 'APP_CONFIGDATA_RELATION_PUBS' already exists in Schema 'NACOS'.

2020-05-12 09:01:47,343 INFO Table/View 'CONFIG_TAGS_RELATION' already exists in Schema 'NACOS'.

2020-05-12 09:01:47,484 INFO Table/View 'GROUP_CAPACITY' already exists in Schema 'NACOS'.

2020-05-12 09:01:47,531 INFO Table/View 'TENANT_CAPACITY' already exists in Schema 'NACOS'.

2020-05-12 09:01:47,609 INFO Table/View 'TENANT_INFO' already exists in Schema 'NACOS'.

2020-05-12 09:01:47,718 INFO Table/View 'USERS' already exists in Schema 'NACOS'.

2020-05-12 09:01:47,827 INFO Table/View 'ROLES' already exists in Schema 'NACOS'.

2020-05-12 09:01:48,140 INFO The statement was aborted because it would have caused a duplicate key value in a unique or primary key constraint or unique index identified by 'SQL200509165704390' defined on 'USERS'.

2020-05-12 09:01:48,249 WARN DumpService start

2020-05-12 09:01:48,249 INFO start clear all config-info.

2020-05-12 09:01:48,265 WARN clear all config-info failed.

2020-05-12 09:01:48,265 WARN clear all config-info-tenant failed.

2020-05-12 09:01:48,546 INFO [all-dump] 4 / 4

2020-05-12 09:01:48,546 INFO start clear all config-info-beta.

2020-05-12 09:01:48,546 WARN clear all config-info-beta failed.

2020-05-12 09:01:48,546 WARN clear all config-info-beta-tenant failed.

2020-05-12 09:01:48,593 INFO start clear all config-info-tag.

2020-05-12 09:01:48,593 WARN clear all config-info-tag failed.

2020-05-12 09:01:48,593 WARN clear all config-info-tag-tenant failed.

2020-05-12 09:01:49,202 INFO ServerListService address-server port:8848

2020-05-12 09:01:49,202 INFO ADDRESS_SERVER_URL:http://jmenv.tbsite.net:8080/nacos/serverlist

2020-05-12 09:01:49,202 WARN [serverlist] updated to [10.2.0.107]

