2020-05-12 09:02:19,440 INFO PERFORMANCE:|0|0|-1|-1

2020-05-12 09:07:19,443 INFO PERFORMANCE:|2|2|-1|-1

2020-05-12 09:12:19,445 INFO PERFORMANCE:|2|2|-1|-1

2020-05-12 09:17:19,446 INFO PERFORMANCE:|2|2|-1|-1

2020-05-12 09:22:19,448 INFO PERFORMANCE:|2|2|-1|-1

2020-05-12 09:27:19,449 INFO PERFORMANCE:|2|2|-1|-1

2020-05-12 09:32:19,451 INFO PERFORMANCE:|2|2|-1|-1

2020-05-12 09:37:19,452 INFO PERFORMANCE:|2|2|-1|-1

2020-05-12 09:42:19,454 INFO PERFORMANCE:|2|1|-1|-1

2020-05-12 09:47:19,455 INFO PERFORMANCE:|2|1|-1|-1

2020-05-12 09:52:19,457 INFO PERFORMANCE:|2|1|-1|-1

2020-05-12 09:57:19,458 INFO PERFORMANCE:|2|1|-1|-1

2020-05-12 10:02:19,460 INFO PERFORMANCE:|2|1|-1|-1

2020-05-12 10:07:19,462 INFO PERFORMANCE:|2|1|-1|-1

2020-05-12 10:12:19,463 INFO PERFORMANCE:|2|1|-1|-1

2020-05-12 10:17:19,465 INFO PERFORMANCE:|2|1|-1|-1

2020-05-12 10:22:19,466 INFO PERFORMANCE:|2|1|-1|-1

2020-05-12 10:27:19,466 INFO PERFORMANCE:|2|1|-1|-1

2020-05-12 10:32:19,469 INFO PERFORMANCE:|2|1|-1|-1

2020-05-12 10:37:19,470 INFO PERFORMANCE:|2|1|-1|-1

2020-05-12 10:42:19,471 INFO PERFORMANCE:|2|1|-1|-1

2020-05-12 10:47:19,472 INFO PERFORMANCE:|2|1|-1|-1

2020-05-12 10:52:19,473 INFO PERFORMANCE:|2|1|-1|-1

2020-05-12 10:57:19,474 INFO PERFORMANCE:|2|1|-1|-1

2020-05-12 11:02:19,476 INFO PERFORMANCE:|2|1|-1|-1

2020-05-12 11:07:19,483 INFO PERFORMANCE:|2|1|-1|-1

2020-05-12 11:12:19,484 INFO PERFORMANCE:|2|1|-1|-1

2020-05-12 11:17:19,486 INFO PERFORMANCE:|2|1|-1|-1

2020-05-12 11:22:19,487 INFO PERFORMANCE:|2|1|-1|-1

2020-05-12 11:27:19,489 INFO PERFORMANCE:|2|2|-1|-1

2020-05-12 11:32:19,489 INFO PERFORMANCE:|2|1|-1|-1

2020-05-12 11:37:19,489 INFO PERFORMANCE:|2|1|-1|-1

2020-05-12 11:42:19,490 INFO PERFORMANCE:|2|1|-1|-1

2020-05-12 11:47:19,493 INFO PERFORMANCE:|2|1|-1|-1

2020-05-12 11:52:19,493 INFO PERFORMANCE:|2|1|-1|-1

2020-05-12 11:57:19,494 INFO PERFORMANCE:|3|2|-1|-1

2020-05-12 12:02:19,494 INFO PERFORMANCE:|3|2|-1|-1

2020-05-12 12:07:19,496 INFO PERFORMANCE:|3|2|-1|-1

2020-05-12 12:12:19,497 INFO PERFORMANCE:|3|2|-1|-1

2020-05-12 12:17:19,498 INFO PERFORMANCE:|3|2|-1|-1

2020-05-12 12:22:19,500 INFO PERFORMANCE:|3|2|-1|-1

2020-05-12 12:27:19,501 INFO PERFORMANCE:|3|2|-1|-1

2020-05-12 12:32:19,502 INFO PERFORMANCE:|3|2|-1|-1

2020-05-12 12:37:19,503 INFO PERFORMANCE:|3|2|-1|-1

2020-05-12 12:42:19,505 INFO PERFORMANCE:|3|2|-1|-1

2020-05-12 12:47:19,507 INFO PERFORMANCE:|3|2|-1|-1

2020-05-12 12:52:19,509 INFO PERFORMANCE:|3|2|-1|-1

2020-05-12 12:57:19,510 INFO PERFORMANCE:|3|2|-1|-1

2020-05-12 13:02:19,511 INFO PERFORMANCE:|3|2|-1|-1

2020-05-12 13:07:19,511 INFO PERFORMANCE:|3|2|-1|-1

2020-05-12 13:12:19,513 INFO PERFORMANCE:|3|2|-1|-1

2020-05-12 13:17:19,514 INFO PERFORMANCE:|3|2|-1|-1

2020-05-12 13:22:19,515 INFO PERFORMANCE:|3|2|-1|-1

2020-05-12 13:27:19,516 INFO PERFORMANCE:|3|2|-1|-1

2020-05-12 13:32:19,516 INFO PERFORMANCE:|3|2|-1|-1

2020-05-12 13:37:19,517 INFO PERFORMANCE:|3|2|-1|-1

2020-05-12 13:42:19,518 INFO PERFORMANCE:|3|1|-1|-1

2020-05-12 13:47:19,519 INFO PERFORMANCE:|3|1|-1|-1

2020-05-12 13:52:19,525 INFO PERFORMANCE:|3|0|-1|-1

2020-05-12 13:57:19,527 INFO PERFORMANCE:|3|0|-1|-1

2020-05-12 14:02:19,530 INFO PERFORMANCE:|3|0|-1|-1

2020-05-12 14:07:19,544 INFO PERFORMANCE:|3|0|-1|-1

2020-05-12 14:12:19,558 INFO PERFORMANCE:|3|0|-1|-1

2020-05-12 14:17:19,559 INFO PERFORMANCE:|3|1|-1|-1

2020-05-12 14:22:19,560 INFO PERFORMANCE:|3|1|-1|-1

2020-05-12 14:27:19,561 INFO PERFORMANCE:|3|1|-1|-1

2020-05-12 14:32:19,561 INFO PERFORMANCE:|4|2|-1|-1

2020-05-12 14:37:19,563 INFO PERFORMANCE:|4|2|-1|-1

2020-05-12 14:42:19,564 INFO PERFORMANCE:|4|1|-1|-1

2020-05-12 14:47:19,566 INFO PERFORMANCE:|4|1|-1|-1

2020-05-12 14:52:19,567 INFO PERFORMANCE:|4|1|-1|-1

2020-05-12 14:57:19,568 INFO PERFORMANCE:|4|1|-1|-1

2020-05-12 15:02:19,569 INFO PERFORMANCE:|4|2|-1|-1

2020-05-12 15:07:19,571 INFO PERFORMANCE:|4|2|-1|-1

2020-05-12 15:12:19,572 INFO PERFORMANCE:|4|2|-1|-1

2020-05-12 15:17:19,573 INFO PERFORMANCE:|4|2|-1|-1

2020-05-12 15:22:19,575 INFO PERFORMANCE:|4|2|-1|-1

2020-05-12 15:27:19,576 INFO PERFORMANCE:|4|1|-1|-1

2020-05-12 15:32:19,577 INFO PERFORMANCE:|4|2|-1|-1

2020-05-12 15:37:19,579 INFO PERFORMANCE:|4|2|-1|-1

2020-05-12 15:42:19,580 INFO PERFORMANCE:|5|2|-1|-1

2020-05-12 15:47:19,582 INFO PERFORMANCE:|5|2|-1|-1

2020-05-12 15:52:19,583 INFO PERFORMANCE:|5|2|-1|-1

2020-05-12 15:57:19,584 INFO PERFORMANCE:|5|2|-1|-1

2020-05-12 16:02:19,586 INFO PERFORMANCE:|5|2|-1|-1

2020-05-12 16:07:19,587 INFO PERFORMANCE:|5|2|-1|-1

2020-05-12 16:12:19,589 INFO PERFORMANCE:|5|2|-1|-1

2020-05-12 16:17:19,590 INFO PERFORMANCE:|5|2|-1|-1

2020-05-12 16:22:19,592 INFO PERFORMANCE:|5|2|-1|-1

2020-05-12 16:27:19,594 INFO PERFORMANCE:|5|2|-1|-1

2020-05-12 16:32:19,595 INFO PERFORMANCE:|5|2|-1|-1

2020-05-12 16:37:19,596 INFO PERFORMANCE:|5|2|-1|-1

2020-05-12 16:42:19,598 INFO PERFORMANCE:|5|2|-1|-1

2020-05-12 16:47:19,600 INFO PERFORMANCE:|5|2|-1|-1

2020-05-12 16:52:19,601 INFO PERFORMANCE:|5|2|-1|-1

2020-05-12 16:57:19,602 INFO PERFORMANCE:|5|1|-1|-1

2020-05-12 17:02:19,603 INFO PERFORMANCE:|5|2|-1|-1

2020-05-12 17:07:19,603 INFO PERFORMANCE:|5|2|-1|-1

2020-05-12 17:12:19,605 INFO PERFORMANCE:|5|2|-1|-1

2020-05-12 17:17:19,606 INFO PERFORMANCE:|5|2|-1|-1

2020-05-12 17:22:19,607 INFO PERFORMANCE:|5|2|-1|-1

2020-05-12 17:27:19,609 INFO PERFORMANCE:|5|2|3|2

2020-05-12 17:32:19,611 INFO PERFORMANCE:|5|2|-1|-1

2020-05-12 17:37:19,612 INFO PERFORMANCE:|5|2|-1|-1

2020-05-12 17:42:19,613 INFO PERFORMANCE:|5|2|-1|-1

2020-05-12 17:47:19,615 INFO PERFORMANCE:|5|2|-1|-1

2020-05-12 17:52:19,616 INFO PERFORMANCE:|5|2|-1|-1

2020-05-12 17:57:19,617 INFO PERFORMANCE:|5|2|-1|-1

2020-05-12 18:02:19,618 INFO PERFORMANCE:|5|0|-1|-1

2020-05-12 18:07:19,624 INFO PERFORMANCE:|5|0|-1|-1

2020-05-12 18:12:19,626 INFO PERFORMANCE:|5|0|-1|-1

2020-05-12 18:17:19,626 INFO PERFORMANCE:|5|0|-1|-1

